<?xml version="1.0" encoding="UTF-8"?>
<!-- Generated by org.testng.reporters.JUnitXMLReporter -->
<testsuite ignored="0" hostname="LAPTOP-FME0P63N" failures="0" tests="3" name="crossbrowsertesting" time="38.005" errors="0" timestamp="2023-08-10T17:54:14 IST">
  <testcase classname="testNG.TestNG_9_CrossBrowserTesting" name="hema" time="17.435"/>
  <testcase classname="testNG.TestNG_9_CrossBrowserTesting" name="jaalaja" time="8.28"/>
  <testcase classname="testNG.TestNG_9_CrossBrowserTesting" name="sandhya" time="9.713"/>
</testsuite> <!-- crossbrowsertesting -->
