<?xml version="1.0" encoding="UTF-8"?>
<!-- Generated by org.testng.reporters.JUnitXMLReporter -->
<testsuite ignored="0" hostname="LAPTOP-FME0P63N" failures="0" tests="3" name="Firefox Browser" time="34.397" errors="0" timestamp="2023-08-15T19:30:55 IST">
  <testcase classname="testNG.TestNG_9_CrossBrowserTesting" name="hema" time="13.938"/>
  <testcase classname="testNG.TestNG_9_CrossBrowserTesting" name="jaalaja" time="7.998"/>
  <testcase classname="testNG.TestNG_9_CrossBrowserTesting" name="sandhya" time="7.925"/>
</testsuite> <!-- Firefox Browser -->
