<?xml version="1.0" encoding="UTF-8"?>
<!-- Generated by org.testng.reporters.JUnitXMLReporter -->
<testsuite ignored="0" hostname="LAPTOP-FME0P63N" failures="0" tests="3" name="Google Browser" time="62.118" errors="0" timestamp="2023-08-15T19:30:21 IST">
  <testcase classname="testNG.TestNG_9_CrossBrowserTesting" name="hema" time="10.597"/>
  <testcase classname="testNG.TestNG_9_CrossBrowserTesting" name="jaalaja" time="25.864"/>
  <testcase classname="testNG.TestNG_9_CrossBrowserTesting" name="sandhya" time="21.195"/>
</testsuite> <!-- Google Browser -->
