<?xml version="1.0" encoding="UTF-8"?>
<!-- Generated by org.testng.reporters.JUnitXMLReporter -->
<testsuite ignored="0" hostname="LAPTOP-FME0P63N" failures="0" tests="3" name="Micro Soft Edge Browser" time="50.737" errors="0" timestamp="2023-08-15T19:31:46 IST">
  <testcase classname="testNG.TestNG_9_CrossBrowserTesting" name="hema" time="10.253"/>
  <testcase classname="testNG.TestNG_9_CrossBrowserTesting" name="jaalaja" time="14.449"/>
  <testcase classname="testNG.TestNG_9_CrossBrowserTesting" name="sandhya" time="13.812"/>
</testsuite> <!-- Micro Soft Edge Browser -->
