<?xml version="1.0" encoding="UTF-8"?>
<!-- Generated by org.testng.reporters.JUnitXMLReporter -->
<testsuite ignored="0" hostname="LAPTOP-FME0P63N" failures="0" tests="3" name="Test" time="32.732" errors="0" timestamp="2023-08-10T20:01:52 IST">
  <testcase classname="testNG.TestNG_9_CrossBrowserTesting" name="hema" time="9.279"/>
  <testcase classname="testNG.TestNG_9_CrossBrowserTesting" name="jaalaja" time="8.096"/>
  <testcase classname="testNG.TestNG_9_CrossBrowserTesting" name="sandhya" time="12.831"/>
</testsuite> <!-- Test -->
