<?xml version="1.0" encoding="UTF-8"?>
<testng-results ignored="0" total="1" passed="1" failed="0" skipped="0">
  <reporter-output>
  </reporter-output>
  <suite started-at="2023-08-21T08:37:42 IST" name="Default suite" finished-at="2023-08-21T08:37:53 IST" duration-ms="11672">
    <groups>
    </groups>
    <test started-at="2023-08-21T08:37:42 IST" name="Default test" finished-at="2023-08-21T08:37:53 IST" duration-ms="11672">
      <class name="dataDriven.DataDriven">
        <test-method is-config="true" signature="beforeTest()[pri:0, instance:dataDriven.DataDriven@8458f04]" started-at="2023-08-21T08:37:42 IST" name="beforeTest" finished-at="2023-08-21T08:37:44 IST" duration-ms="2078" status="PASS">
          <reporter-output>
          </reporter-output>
        </test-method> <!-- beforeTest -->
        <test-method signature="ReadData()[pri:0, instance:dataDriven.DataDriven@8458f04]" started-at="2023-08-21T08:37:44 IST" name="ReadData" finished-at="2023-08-21T08:37:53 IST" duration-ms="9520" status="PASS">
          <reporter-output>
          </reporter-output>
        </test-method> <!-- ReadData -->
      </class> <!-- dataDriven.DataDriven -->
    </test> <!-- Default test -->
  </suite> <!-- Default suite -->
</testng-results>
